Determining if the pthread_create exist failed with the following output:
Change Dir: /home/l/Bin/gmock-1.7.0/build/CMakeFiles/CMakeTmp

Run Build Command:/usr/bin/make "cmTryCompileExec152181758/fast"
/usr/bin/make -f CMakeFiles/cmTryCompileExec152181758.dir/build.make CMakeFiles/cmTryCompileExec152181758.dir/build
make[1]: Entering directory `/home/l/Bin/gmock-1.7.0/build/CMakeFiles/CMakeTmp'
/usr/bin/cmake -E cmake_progress_report /home/l/Bin/gmock-1.7.0/build/CMakeFiles/CMakeTmp/CMakeFiles 1
Building C object CMakeFiles/cmTryCompileExec152181758.dir/CheckSymbolExists.c.o
/usr/bin/cc    -o CMakeFiles/cmTryCompileExec152181758.dir/CheckSymbolExists.c.o   -c /home/l/Bin/gmock-1.7.0/build/CMakeFiles/CMakeTmp/CheckSymbolExists.c
Linking C executable cmTryCompileExec152181758
/usr/bin/cmake -E cmake_link_script CMakeFiles/cmTryCompileExec152181758.dir/link.txt --verbose=1
/usr/bin/cc       CMakeFiles/cmTryCompileExec152181758.dir/CheckSymbolExists.c.o  -o cmTryCompileExec152181758 -rdynamic 
CMakeFiles/cmTryCompileExec152181758.dir/CheckSymbolExists.c.o: In function `main':
CheckSymbolExists.c:(.text+0x16): undefined reference to `pthread_create'
collect2: error: ld returned 1 exit status
make[1]: Leaving directory `/home/l/Bin/gmock-1.7.0/build/CMakeFiles/CMakeTmp'
make[1]: *** [cmTryCompileExec152181758] Error 1
make: *** [cmTryCompileExec152181758/fast] Error 2

File /home/l/Bin/gmock-1.7.0/build/CMakeFiles/CMakeTmp/CheckSymbolExists.c:
/* */
#include <pthread.h>

int main(int argc, char** argv)
{
  (void)argv;
#ifndef pthread_create
  return ((int*)(&pthread_create))[argc];
#else
  (void)argc;
  return 0;
#endif
}

Determining if the function pthread_create exists in the pthreads failed with the following output:
Change Dir: /home/l/Bin/gmock-1.7.0/build/CMakeFiles/CMakeTmp

Run Build Command:/usr/bin/make "cmTryCompileExec3216904500/fast"
/usr/bin/make -f CMakeFiles/cmTryCompileExec3216904500.dir/build.make CMakeFiles/cmTryCompileExec3216904500.dir/build
make[1]: Entering directory `/home/l/Bin/gmock-1.7.0/build/CMakeFiles/CMakeTmp'
/usr/bin/cmake -E cmake_progress_report /home/l/Bin/gmock-1.7.0/build/CMakeFiles/CMakeTmp/CMakeFiles 1
Building C object CMakeFiles/cmTryCompileExec3216904500.dir/CheckFunctionExists.c.o
/usr/bin/cc   -DCHECK_FUNCTION_EXISTS=pthread_create   -o CMakeFiles/cmTryCompileExec3216904500.dir/CheckFunctionExists.c.o   -c /usr/share/cmake-2.8/Modules/CheckFunctionExists.c
Linking C executable cmTryCompileExec3216904500
/usr/bin/cmake -E cmake_link_script CMakeFiles/cmTryCompileExec3216904500.dir/link.txt --verbose=1
/usr/bin/cc   -DCHECK_FUNCTION_EXISTS=pthread_create    CMakeFiles/cmTryCompileExec3216904500.dir/CheckFunctionExists.c.o  -o cmTryCompileExec3216904500 -rdynamic -lpthreads 
/usr/bin/ld: cannot find -lpthreads
collect2: error: ld returned 1 exit status
make[1]: Leaving directory `/home/l/Bin/gmock-1.7.0/build/CMakeFiles/CMakeTmp'
make[1]: *** [cmTryCompileExec3216904500] Error 1
make: *** [cmTryCompileExec3216904500/fast] Error 2


